# JRE version: Java(TM) SE Runtime Environment (8.0_211-b12) (build 1.8.0_211-b12)
# Java VM: Java HotSpot(TM) 64-Bit Server VM (25.211-b12 mixed mode windows-amd64 compressed oops)
Heap:
 PSYoungGen      total 151552K, used 50793K [0x00000000f5580000, 0x00000000fff00000, 0x0000000100000000)
  eden space 130560K, 31% used [0x00000000f5580000,0x00000000f7da95e0,0x00000000fd500000)
  from space 20992K, 46% used [0x00000000fd500000,0x00000000fde70fa8,0x00000000fe980000)
  to   space 19968K, 0% used [0x00000000feb80000,0x00000000feb80000,0x00000000fff00000)
 ParOldGen       total 230912K, used 20752K [0x00000000e0000000, 0x00000000ee180000, 0x00000000f5580000)
  object space 230912K, 8% used [0x00000000e0000000,0x00000000e1444188,0x00000000ee180000)
 Metaspace       used 60685K, capacity 64156K, committed 64256K, reserved 1103872K
  class space    used 8561K, capacity 9214K, committed 9216K, reserved 1048576K
GC Heap History (10 events):
Event: 450.609 GC heap before
{Heap before GC invocations=13 (full 3):
 PSYoungGen      total 155648K, used 136704K [0x00000000f5580000, 0x0000000100000000, 0x0000000100000000)
  eden space 136704K, 100% used [0x00000000f5580000,0x00000000fdb00000,0x00000000fdb00000)
  from space 18944K, 0% used [0x00000000fdb00000,0x00000000fdb00000,0x00000000fed80000)
  to   space 18944K, 0% used [0x00000000fed80000,0x00000000fed80000,0x0000000100000000)
 ParOldGen       total 230912K, used 28923K [0x00000000e0000000, 0x00000000ee180000, 0x00000000f5580000)
  object space 230912K, 12% used [0x00000000e0000000,0x00000000e1c3ecd8,0x00000000ee180000)
 Metaspace       used 59396K, capacity 62642K, committed 62848K, reserved 1103872K
  class space    used 8388K, capacity 8965K, committed 9088K, reserved 1048576K
Event: 450.633 GC heap after
Heap after GC invocations=13 (full 3):
 PSYoungGen      total 149504K, used 5164K [0x00000000f5580000, 0x0000000100000000, 0x0000000100000000)
  eden space 130560K, 0% used [0x00000000f5580000,0x00000000f5580000,0x00000000fd500000)
  from space 18944K, 27% used [0x00000000fed80000,0x00000000ff28b108,0x0000000100000000)
  to   space 22016K, 0% used [0x00000000fd500000,0x00000000fd500000,0x00000000fea80000)
 ParOldGen       total 230912K, used 28931K [0x00000000e0000000, 0x00000000ee180000, 0x00000000f5580000)
  object space 230912K, 12% used [0x00000000e0000000,0x00000000e1c40cd8,0x00000000ee180000)
 Metaspace       used 59396K, capacity 62642K, committed 62848K, reserved 1103872K
  class space    used 8388K, capacity 8965K, committed 9088K, reserved 1048576K
}
Event: 738.708 GC heap before
{Heap before GC invocations=14 (full 3):
 PSYoungGen      total 149504K, used 126336K [0x00000000f5580000, 0x0000000100000000, 0x0000000100000000)
  eden space 130560K, 92% used [0x00000000f5580000,0x00000000fcbd5128,0x00000000fd500000)
  from space 18944K, 27% used [0x00000000fed80000,0x00000000ff28b108,0x0000000100000000)
  to   space 22016K, 0% used [0x00000000fd500000,0x00000000fd500000,0x00000000fea80000)
 ParOldGen       total 230912K, used 28931K [0x00000000e0000000, 0x00000000ee180000, 0x00000000f5580000)
  object space 230912K, 12% used [0x00000000e0000000,0x00000000e1c40cd8,0x00000000ee180000)
 Metaspace       used 60195K, capacity 63484K, committed 63616K, reserved 1103872K
  class space    used 8488K, capacity 9083K, committed 9088K, reserved 1048576K
Event: 738.714 GC heap after
Heap after GC invocations=14 (full 3):
 PSYoungGen      total 152576K, used 2800K [0x00000000f5580000, 0x0000000100000000, 0x0000000100000000)
  eden space 130560K, 0% used [0x00000000f5580000,0x00000000f5580000,0x00000000fd500000)
  from space 22016K, 12% used [0x00000000fd500000,0x00000000fd7bc070,0x00000000fea80000)
  to   space 22016K, 0% used [0x00000000fea80000,0x00000000fea80000,0x0000000100000000)
 ParOldGen       total 230912K, used 28939K [0x00000000e0000000, 0x00000000ee180000, 0x00000000f5580000)
  object space 230912K, 12% used [0x00000000e0000000,0x00000000e1c42cd8,0x00000000ee180000)
 Metaspace       used 60195K, capacity 63484K, committed 63616K, reserved 1103872K
  class space    used 8488K, capacity 9083K, committed 9088K, reserved 1048576K
}
Event: 738.714 GC heap before
{Heap before GC invocations=15 (full 4):
 PSYoungGen      total 152576K, used 2800K [0x00000000f5580000, 0x0000000100000000, 0x0000000100000000)
  eden space 130560K, 0% used [0x00000000f5580000,0x00000000f5580000,0x00000000fd500000)
  from space 22016K, 12% used [0x00000000fd500000,0x00000000fd7bc070,0x00000000fea80000)
  to   space 22016K, 0% used [0x00000000fea80000,0x00000000fea80000,0x0000000100000000)
 ParOldGen       total 230912K, used 28939K [0x00000000e0000000, 0x00000000ee180000, 0x00000000f5580000)
  object space 230912K, 12% used [0x00000000e0000000,0x00000000e1c42cd8,0x00000000ee180000)
 Metaspace       used 60195K, capacity 63484K, committed 63616K, reserved 1103872K
  class space    used 8488K, capacity 9083K, committed 9088K, reserved 1048576K
Event: 738.979 GC heap after
Heap after GC invocations=15 (full 4):
 PSYoungGen      total 152576K, used 0K [0x00000000f5580000, 0x0000000100000000, 0x0000000100000000)
  eden space 130560K, 0% used [0x00000000f5580000,0x00000000f5580000,0x00000000fd500000)
  from space 22016K, 0% used [0x00000000fd500000,0x00000000fd500000,0x00000000fea80000)
  to   space 22016K, 0% used [0x00000000fea80000,0x00000000fea80000,0x0000000100000000)
 ParOldGen       total 230912K, used 20736K [0x00000000e0000000, 0x00000000ee180000, 0x00000000f5580000)
  object space 230912K, 8% used [0x00000000e0000000,0x00000000e1440188,0x00000000ee180000)
 Metaspace       used 59998K, capacity 63164K, committed 63616K, reserved 1103872K
  class space    used 8456K, capacity 9025K, committed 9088K, reserved 1048576K
}
Event: 743.831 GC heap before
{Heap before GC invocations=16 (full 4):
 PSYoungGen      total 152576K, used 130560K [0x00000000f5580000, 0x0000000100000000, 0x0000000100000000)
  eden space 130560K, 100% used [0x00000000f5580000,0x00000000fd500000,0x00000000fd500000)
  from space 22016K, 0% used [0x00000000fd500000,0x00000000fd500000,0x00000000fea80000)
  to   space 22016K, 0% used [0x00000000fea80000,0x00000000fea80000,0x0000000100000000)
 ParOldGen       total 230912K, used 20736K [0x00000000e0000000, 0x00000000ee180000, 0x00000000f5580000)
  object space 230912K, 8% used [0x00000000e0000000,0x00000000e1440188,0x00000000ee180000)
 Metaspace       used 60243K, capacity 63582K, committed 63744K, reserved 1103872K
  class space    used 8497K, capacity 9114K, committed 9216K, reserved 1048576K
Event: 743.852 GC heap after
Heap after GC invocations=16 (full 4):
 PSYoungGen      total 150528K, used 6880K [0x00000000f5580000, 0x00000000ffe00000, 0x0000000100000000)
  eden space 130560K, 0% used [0x00000000f5580000,0x00000000f5580000,0x00000000fd500000)
  from space 19968K, 34% used [0x00000000fea80000,0x00000000ff138150,0x00000000ffe00000)
  to   space 20992K, 0% used [0x00000000fd500000,0x00000000fd500000,0x00000000fe980000)
 ParOldGen       total 230912K, used 20744K [0x00000000e0000000, 0x00000000ee180000, 0x00000000f5580000)
  object space 230912K, 8% used [0x00000000e0000000,0x00000000e1442188,0x00000000ee180000)
 Metaspace       used 60243K, capacity 63582K, committed 63744K, reserved 1103872K
  class space    used 8497K, capacity 9114K, committed 9216K, reserved 1048576K
}
Event: 924.444 GC heap before
{Heap before GC invocations=17 (full 4):
 PSYoungGen      total 150528K, used 137398K [0x00000000f5580000, 0x00000000ffe00000, 0x0000000100000000)
  eden space 130560K, 99% used [0x00000000f5580000,0x00000000fd4f5840,0x00000000fd500000)
  from space 19968K, 34% used [0x00000000fea80000,0x00000000ff138150,0x00000000ffe00000)
  to   space 20992K, 0% used [0x00000000fd500000,0x00000000fd500000,0x00000000fe980000)
 ParOldGen       total 230912K, used 20744K [0x00000000e0000000, 0x00000000ee180000, 0x00000000f5580000)
  object space 230912K, 8% used [0x00000000e0000000,0x00000000e1442188,0x00000000ee180000)
 Metaspace       used 60521K, capacity 63996K, committed 64256K, reserved 1103872K
  class space    used 8543K, capacity 9198K, committed 9216K, reserved 1048576K
Event: 924.462 GC heap after
Heap after GC invocations=17 (full 4):
 PSYoungGen      total 151552K, used 9667K [0x00000000f5580000, 0x00000000fff00000, 0x0000000100000000)
  eden space 130560K, 0% used [0x00000000f5580000,0x00000000f5580000,0x00000000fd500000)
  from space 20992K, 46% used [0x00000000fd500000,0x00000000fde70fa8,0x00000000fe980000)
  to   space 19968K, 0% used [0x00000000feb80000,0x00000000feb80000,0x00000000fff00000)
 ParOldGen       total 230912K, used 20752K [0x00000000e0000000, 0x00000000ee180000, 0x00000000f5580000)
  object space 230912K, 8% used [0x00000000e0000000,0x00000000e1444188,0x00000000ee180000)
 Metaspace       used 60521K, capacity 63996K, committed 64256K, reserved 1103872K
  class space    used 8543K, capacity 9198K, committed 9216K, reserved 1048576K
}

