# JRE version: Java(TM) SE Runtime Environment (8.0_211-b12) (build 1.8.0_211-b12)
# Java VM: Java HotSpot(TM) 64-Bit Server VM (25.211-b12 mixed mode windows-amd64 compressed oops)
Heap:
 PSYoungGen      total 137728K, used 7226K [0x00000000f5580000, 0x00000000ff280000, 0x0000000100000000)
  eden space 117760K, 6% used [0x00000000f5580000,0x00000000f5c8ea10,0x00000000fc880000)
  from space 19968K, 0% used [0x00000000fdd00000,0x00000000fdd00000,0x00000000ff080000)
  to   space 20992K, 0% used [0x00000000fc880000,0x00000000fc880000,0x00000000fdd00000)
 ParOldGen       total 155648K, used 19436K [0x00000000e0000000, 0x00000000e9800000, 0x00000000f5580000)
  object space 155648K, 12% used [0x00000000e0000000,0x00000000e12fb278,0x00000000e9800000)
 Metaspace       used 58914K, capacity 62276K, committed 62464K, reserved 1103872K
  class space    used 8338K, capacity 8924K, committed 8960K, reserved 1048576K
GC Heap History (10 events):
Event: 4737.169 GC heap before
{Heap before GC invocations=16 (full 2):
 PSYoungGen      total 136192K, used 111793K [0x00000000f5580000, 0x00000000ff480000, 0x0000000100000000)
  eden space 123904K, 80% used [0x00000000f5580000,0x00000000fb72ab08,0x00000000fce80000)
  from space 12288K, 95% used [0x00000000fd100000,0x00000000fdc81980,0x00000000fdd00000)
  to   space 19456K, 0% used [0x00000000fe180000,0x00000000fe180000,0x00000000ff480000)
 ParOldGen       total 149504K, used 19581K [0x00000000e0000000, 0x00000000e9200000, 0x00000000f5580000)
  object space 149504K, 13% used [0x00000000e0000000,0x00000000e131f570,0x00000000e9200000)
 Metaspace       used 55692K, capacity 58834K, committed 59008K, reserved 1099776K
  class space    used 7913K, capacity 8469K, committed 8576K, reserved 1048576K
Event: 4737.208 GC heap after
Heap after GC invocations=16 (full 2):
 PSYoungGen      total 138240K, used 13111K [0x00000000f5580000, 0x00000000ff200000, 0x0000000100000000)
  eden space 121344K, 0% used [0x00000000f5580000,0x00000000f5580000,0x00000000fcc00000)
  from space 16896K, 77% used [0x00000000fe180000,0x00000000fee4de30,0x00000000ff200000)
  to   space 19456K, 0% used [0x00000000fcc00000,0x00000000fcc00000,0x00000000fdf00000)
 ParOldGen       total 149504K, used 19581K [0x00000000e0000000, 0x00000000e9200000, 0x00000000f5580000)
  object space 149504K, 13% used [0x00000000e0000000,0x00000000e131f570,0x00000000e9200000)
 Metaspace       used 55692K, capacity 58834K, committed 59008K, reserved 1099776K
  class space    used 7913K, capacity 8469K, committed 8576K, reserved 1048576K
}
Event: 4737.208 GC heap before
{Heap before GC invocations=17 (full 3):
 PSYoungGen      total 138240K, used 13111K [0x00000000f5580000, 0x00000000ff200000, 0x0000000100000000)
  eden space 121344K, 0% used [0x00000000f5580000,0x00000000f5580000,0x00000000fcc00000)
  from space 16896K, 77% used [0x00000000fe180000,0x00000000fee4de30,0x00000000ff200000)
  to   space 19456K, 0% used [0x00000000fcc00000,0x00000000fcc00000,0x00000000fdf00000)
 ParOldGen       total 149504K, used 19581K [0x00000000e0000000, 0x00000000e9200000, 0x00000000f5580000)
  object space 149504K, 13% used [0x00000000e0000000,0x00000000e131f570,0x00000000e9200000)
 Metaspace       used 55692K, capacity 58834K, committed 59008K, reserved 1099776K
  class space    used 7913K, capacity 8469K, committed 8576K, reserved 1048576K
Event: 4737.559 GC heap after
Heap after GC invocations=17 (full 3):
 PSYoungGen      total 138240K, used 0K [0x00000000f5580000, 0x00000000ff200000, 0x0000000100000000)
  eden space 121344K, 0% used [0x00000000f5580000,0x00000000f5580000,0x00000000fcc00000)
  from space 16896K, 0% used [0x00000000fe180000,0x00000000fe180000,0x00000000ff200000)
  to   space 19456K, 0% used [0x00000000fcc00000,0x00000000fcc00000,0x00000000fdf00000)
 ParOldGen       total 155648K, used 21422K [0x00000000e0000000, 0x00000000e9800000, 0x00000000f5580000)
  object space 155648K, 13% used [0x00000000e0000000,0x00000000e14eb970,0x00000000e9800000)
 Metaspace       used 55364K, capacity 58310K, committed 59008K, reserved 1099776K
  class space    used 7862K, capacity 8377K, committed 8576K, reserved 1048576K
}
Event: 4814.716 GC heap before
{Heap before GC invocations=18 (full 3):
 PSYoungGen      total 138240K, used 121344K [0x00000000f5580000, 0x00000000ff200000, 0x0000000100000000)
  eden space 121344K, 100% used [0x00000000f5580000,0x00000000fcc00000,0x00000000fcc00000)
  from space 16896K, 0% used [0x00000000fe180000,0x00000000fe180000,0x00000000ff200000)
  to   space 19456K, 0% used [0x00000000fcc00000,0x00000000fcc00000,0x00000000fdf00000)
 ParOldGen       total 155648K, used 21422K [0x00000000e0000000, 0x00000000e9800000, 0x00000000f5580000)
  object space 155648K, 13% used [0x00000000e0000000,0x00000000e14eb970,0x00000000e9800000)
 Metaspace       used 58444K, capacity 61662K, committed 62208K, reserved 1101824K
  class space    used 8261K, capacity 8853K, committed 8960K, reserved 1048576K
Event: 4814.823 GC heap after
Heap after GC invocations=18 (full 3):
 PSYoungGen      total 134656K, used 15597K [0x00000000f5580000, 0x00000000ff080000, 0x0000000100000000)
  eden space 118784K, 0% used [0x00000000f5580000,0x00000000f5580000,0x00000000fc980000)
  from space 15872K, 98% used [0x00000000fcc00000,0x00000000fdb3b530,0x00000000fdb80000)
  to   space 19968K, 0% used [0x00000000fdd00000,0x00000000fdd00000,0x00000000ff080000)
 ParOldGen       total 155648K, used 21430K [0x00000000e0000000, 0x00000000e9800000, 0x00000000f5580000)
  object space 155648K, 13% used [0x00000000e0000000,0x00000000e14ed970,0x00000000e9800000)
 Metaspace       used 58444K, capacity 61662K, committed 62208K, reserved 1101824K
  class space    used 8261K, capacity 8853K, committed 8960K, reserved 1048576K
}
Event: 5140.253 GC heap before
{Heap before GC invocations=19 (full 3):
 PSYoungGen      total 134656K, used 126857K [0x00000000f5580000, 0x00000000ff080000, 0x0000000100000000)
  eden space 118784K, 93% used [0x00000000f5580000,0x00000000fc2271a0,0x00000000fc980000)
  from space 15872K, 98% used [0x00000000fcc00000,0x00000000fdb3b530,0x00000000fdb80000)
  to   space 19968K, 0% used [0x00000000fdd00000,0x00000000fdd00000,0x00000000ff080000)
 ParOldGen       total 155648K, used 21430K [0x00000000e0000000, 0x00000000e9800000, 0x00000000f5580000)
  object space 155648K, 13% used [0x00000000e0000000,0x00000000e14ed970,0x00000000e9800000)
 Metaspace       used 58895K, capacity 62260K, committed 62464K, reserved 1103872K
  class space    used 8335K, capacity 8921K, committed 8960K, reserved 1048576K
Event: 5140.278 GC heap after
Heap after GC invocations=19 (full 3):
 PSYoungGen      total 137728K, used 2377K [0x00000000f5580000, 0x00000000ff280000, 0x0000000100000000)
  eden space 117760K, 0% used [0x00000000f5580000,0x00000000f5580000,0x00000000fc880000)
  from space 19968K, 11% used [0x00000000fdd00000,0x00000000fdf525d8,0x00000000ff080000)
  to   space 20992K, 0% used [0x00000000fc880000,0x00000000fc880000,0x00000000fdd00000)
 ParOldGen       total 155648K, used 21438K [0x00000000e0000000, 0x00000000e9800000, 0x00000000f5580000)
  object space 155648K, 13% used [0x00000000e0000000,0x00000000e14ef970,0x00000000e9800000)
 Metaspace       used 58895K, capacity 62260K, committed 62464K, reserved 1103872K
  class space    used 8335K, capacity 8921K, committed 8960K, reserved 1048576K
}
Event: 5140.278 GC heap before
{Heap before GC invocations=20 (full 4):
 PSYoungGen      total 137728K, used 2377K [0x00000000f5580000, 0x00000000ff280000, 0x0000000100000000)
  eden space 117760K, 0% used [0x00000000f5580000,0x00000000f5580000,0x00000000fc880000)
  from space 19968K, 11% used [0x00000000fdd00000,0x00000000fdf525d8,0x00000000ff080000)
  to   space 20992K, 0% used [0x00000000fc880000,0x00000000fc880000,0x00000000fdd00000)
 ParOldGen       total 155648K, used 21438K [0x00000000e0000000, 0x00000000e9800000, 0x00000000f5580000)
  object space 155648K, 13% used [0x00000000e0000000,0x00000000e14ef970,0x00000000e9800000)
 Metaspace       used 58895K, capacity 62260K, committed 62464K, reserved 1103872K
  class space    used 8335K, capacity 8921K, committed 8960K, reserved 1048576K
Event: 5140.775 GC heap after
Heap after GC invocations=20 (full 4):
 PSYoungGen      total 137728K, used 0K [0x00000000f5580000, 0x00000000ff280000, 0x0000000100000000)
  eden space 117760K, 0% used [0x00000000f5580000,0x00000000f5580000,0x00000000fc880000)
  from space 19968K, 0% used [0x00000000fdd00000,0x00000000fdd00000,0x00000000ff080000)
  to   space 20992K, 0% used [0x00000000fc880000,0x00000000fc880000,0x00000000fdd00000)
 ParOldGen       total 155648K, used 19436K [0x00000000e0000000, 0x00000000e9800000, 0x00000000f5580000)
  object space 155648K, 12% used [0x00000000e0000000,0x00000000e12fb278,0x00000000e9800000)
 Metaspace       used 58893K, capacity 62254K, committed 62464K, reserved 1103872K
  class space    used 8334K, capacity 8920K, committed 8960K, reserved 1048576K
}

